


ARM Macro Assembler    Page 1 


    1 00000000                 AREA             datos, DATA, READWRITE
    2 00000000 00000005 
                       N       EQU              5           ; numero filas
    3 00000000 00000007 
                       M       EQU              7           ; numero columnas
    4 00000000 6E 6B 6F 
              6E 67 76 
              66 6B 6F 
              62 63 66 
              65 71 70 
              62 6A 75 
              66 63 78 
              78 66 72 
              65 77 6F 
              6D 6E 6B 
              67 79 74 
              76 64    matriz  DCB              'n','k','o','n','g','v','f','k'
,'o','b','c','f','e','q','p','b','j','u','f','c','x','x','f','r','e','w','o','m
','n','k','g','y','t','v','d' 
                                                            ; los datos estan g
                                                            uardados por filas
    5 00000023         
    6 00000023                 AREA             codigo, CODE, READONLY
    7 00000000                 ENTRY
    8 00000000         
    9 00000000 E59F0064        ldr              r0,=matriz
   10 00000004 E3A06007        mov              r6,#M
   11 00000008 E3A01000        mov              r1,#0       ; contador x=1 (col
                                                            umnas)
   12 0000000C E3A02001        mov              r2,#1       ; contador i=1
   13 00000010 E3A03004        mov              r3,#N-1     ; contador j=N-1 (f
                                                            ila por el final)
   14 00000014         
   15 00000014 E3510007 
                       funo    cmp              r1,#M
   16 00000018 0A000012        beq              fin
   17 0000001C         
   18 0000001C         
   19 0000001C E3520005 
                       fdos    cmp              r2,#N
   20 00000020 02811001        addeq            r1,#1
   21 00000024 03A02001        moveq            r2,#1
   22 00000028 0AFFFFF9        beq              funo
   23 0000002C         
   24 0000002C E1530002 
                       ftres   cmp              r3,r2
   25 00000030 B2822001        addlt            r2,#1
   26 00000034 B3A03004        movlt            r3,#N-1
   27 00000038 BAFFFFF7        blt              fdos
   28 0000003C         
   29 0000003C E0241396        mla              r4,r6,r3,r1 ; guarda en r4 la p
                                                            osicion de matriz[j
                                                            ][x] (nºcolumnas*j+
                                                            x)
   30 00000040 E243A001        sub              r10,r3,#1   ; j-1
   31 00000044 E0251A96        mla              r5,r6,r10,r1 ; guarda en r5 la 
                                                            posicion de matriz[
                                                            j-1][x] (nºcolumnas
                                                            *[j-1]+x)



ARM Macro Assembler    Page 2 


   32 00000048         
   33 00000048 E7D07005        ldrb             r7,[r0,r5]  ; valor de matriz[j
                                                            -1][x]
   34 0000004C E7D08004        ldrb             r8,[r0,r4]  ; valor de matriz[j
                                                            ][x]
   35 00000050         
   36 00000050 E1570008        cmp              r7,r8
   37 00000054 C1A09008        movgt            r9,r8
   38 00000058 87C09005        strhib           r9,[r0,r5]
   39 0000005C 87C07004        strhib           r7,[r0,r4]
   40 00000060         
   41 00000060 E2433001        sub              r3,r3,#1
   42 00000064 EAFFFFF0        b                ftres
   43 00000068         
   44 00000068 EAFFFFFE 
                       fin     b                fin
   45 0000006C                 END
              00000000 
Command Line: --debug --xref --diag_suppress=9931 --apcs=interwork --depend=.\o
bjects\ejuno.d -o.\objects\ejuno.o -IC:\Keil_v5\ARM\RV31\INC -IC:\Keil_v5\ARM\C
MSIS\Include -IC:\Keil_v5\ARM\Inc\Philips --predefine="__EVAL SETA 1" --predefi
ne="__UVISION_VERSION SETA 514" --list=.\listings\ejuno.lst ejuno.s



ARM Macro Assembler    Page 1 Alphabetic symbol ordering
Relocatable symbols

datos 00000000

Symbol: datos
   Definitions
      At line 1 in file ejuno.s
   Uses
      None
Comment: datos unused
matriz 00000000

Symbol: matriz
   Definitions
      At line 4 in file ejuno.s
   Uses
      At line 9 in file ejuno.s
Comment: matriz used once
2 symbols



ARM Macro Assembler    Page 1 Alphabetic symbol ordering
Relocatable symbols

codigo 00000000

Symbol: codigo
   Definitions
      At line 6 in file ejuno.s
   Uses
      None
Comment: codigo unused
fdos 0000001C

Symbol: fdos
   Definitions
      At line 19 in file ejuno.s
   Uses
      At line 27 in file ejuno.s
Comment: fdos used once
fin 00000068

Symbol: fin
   Definitions
      At line 44 in file ejuno.s
   Uses
      At line 16 in file ejuno.s
      At line 44 in file ejuno.s

ftres 0000002C

Symbol: ftres
   Definitions
      At line 24 in file ejuno.s
   Uses
      At line 42 in file ejuno.s
Comment: ftres used once
funo 00000014

Symbol: funo
   Definitions
      At line 15 in file ejuno.s
   Uses
      At line 22 in file ejuno.s
Comment: funo used once
5 symbols



ARM Macro Assembler    Page 1 Alphabetic symbol ordering
Absolute symbols

M 00000007

Symbol: M
   Definitions
      At line 3 in file ejuno.s
   Uses
      At line 10 in file ejuno.s
      At line 15 in file ejuno.s

N 00000005

Symbol: N
   Definitions
      At line 2 in file ejuno.s
   Uses
      At line 13 in file ejuno.s
      At line 19 in file ejuno.s
      At line 26 in file ejuno.s

2 symbols
343 symbols in table
