


ARM Macro Assembler    Page 1 


    1 00000000                 AREA             datos,DATA,READWRITE
    2 00000000 6E 6B 6F 
              6E 67 76 
              66       matriz  DCB              'n','k','o','n','g','v','f'
    3 00000007 6B 6F 62 
              63 66 65 
              71               DCB              'k','o','b','c','f','e','q'
    4 0000000E 70 62 6A 
              75 66 63 
              78               DCB              'p','b','j','u','f','c','x'
    5 00000015 78 66 72 
              65 77 6F 
              6D               DCB              'x','f','r','e','w','o','m'
    6 0000001C 6E 6B 67 
              79 74 76 
              64               DCB              'n','k','g','y','t','v','d' ; l
                                                            os datos estan guar
                                                            dados por filas
    7 00000023 00000005 
                       N       EQU              5           ; numero filas
    8 00000023 00000007 
                       M       EQU              7           ; numero columnas
    9 00000023         
   10 00000023                 AREA             codigo,CODE,READONLY
   11 00000000                 ENTRY
   12 00000000         
   13 00000000 E59F0060        LDR              r0,=matriz
   14 00000004 E3A06005        mov              r6,#N
   15 00000008 E3A01001        mov              r1,#1       ; contador x=1 (col
                                                            umnas)
   16 0000000C E3A02001        mov              r2,#1       ; contador i=1 (fil
                                                            as)
   17 00000010 E3A03004        mov              r3,#N-1     ; contador j=N-1 (f
                                                            ila por el final)
   18 00000014         
   19 00000014 E3510007 
                       funo    cmp              r1,#M
   20 00000018 0A000011        beq              fin
   21 0000001C         
   22 0000001C         
   23 0000001C E3520005 
                       fdos    cmp              r2,#N
   24 00000020 02811001        addeq            r1,#1
   25 00000024 03A02001        moveq            r2,#1
   26 00000028 0AFFFFF9        beq              funo
   27 0000002C         
   28 0000002C E1530002 
                       ftres   cmp              r3,r2
   29 00000030 B2822001        addlt            r2,#1
   30 00000034 B3A03004        movlt            r3,#N-1
   31 00000038 BAFFFFF7        blt              fdos
   32 0000003C         
   33 0000003C E0243196        mla              r4,r6,r1,r3
   34 00000040 E0252196        mla              r5,r6,r1,r2
   35 00000044         
   36 00000044 E7D07004        ldrb             r7,[r0,r4]  ; valor de matriz[j
                                                            -1][x]
   37 00000048 E7D08005        ldrb             r8,[r0,r5]  ; valor de matriz[j
                                                            ][x]



ARM Macro Assembler    Page 2 


   38 0000004C         
   39 0000004C E1570008        cmp              r7,r8
   40 00000050 C1A09008        movgt            r9,r8
   41 00000054 C7C07005        strgtb           r7,[r0,r5]
   42 00000058 C7C09004        strgtb           r9,[r0,r4]
   43 0000005C         
   44 0000005C E2433001        sub              r3,r3,#1
   45 00000060 EAFFFFF1        b                ftres
   46 00000064         
   47 00000064 EAFFFFFE 
                       fin     b                fin
   48 00000068                 END
              00000000 
Command Line: --debug --xref --diag_suppress=9931 --apcs=interwork --depend=.\o
bjects\prueba.d -o.\objects\prueba.o -IC:\Keil_v5\ARM\RV31\INC -IC:\Keil_v5\ARM
\CMSIS\Include -IC:\Keil_v5\ARM\Inc\Philips --predefine="__EVAL SETA 1" --prede
fine="__UVISION_VERSION SETA 514" --list=.\listings\prueba.lst prueba.s



ARM Macro Assembler    Page 1 Alphabetic symbol ordering
Relocatable symbols

datos 00000000

Symbol: datos
   Definitions
      At line 1 in file prueba.s
   Uses
      None
Comment: datos unused
matriz 00000000

Symbol: matriz
   Definitions
      At line 2 in file prueba.s
   Uses
      At line 13 in file prueba.s
Comment: matriz used once
2 symbols



ARM Macro Assembler    Page 1 Alphabetic symbol ordering
Relocatable symbols

codigo 00000000

Symbol: codigo
   Definitions
      At line 10 in file prueba.s
   Uses
      None
Comment: codigo unused
fdos 0000001C

Symbol: fdos
   Definitions
      At line 23 in file prueba.s
   Uses
      At line 31 in file prueba.s
Comment: fdos used once
fin 00000064

Symbol: fin
   Definitions
      At line 47 in file prueba.s
   Uses
      At line 20 in file prueba.s
      At line 47 in file prueba.s

ftres 0000002C

Symbol: ftres
   Definitions
      At line 28 in file prueba.s
   Uses
      At line 45 in file prueba.s
Comment: ftres used once
funo 00000014

Symbol: funo
   Definitions
      At line 19 in file prueba.s
   Uses
      At line 26 in file prueba.s
Comment: funo used once
5 symbols



ARM Macro Assembler    Page 1 Alphabetic symbol ordering
Absolute symbols

M 00000007

Symbol: M
   Definitions
      At line 8 in file prueba.s
   Uses
      At line 19 in file prueba.s
Comment: M used once
N 00000005

Symbol: N
   Definitions
      At line 7 in file prueba.s
   Uses
      At line 14 in file prueba.s
      At line 17 in file prueba.s
      At line 23 in file prueba.s
      At line 30 in file prueba.s

2 symbols
343 symbols in table
