


ARM Macro Assembler    Page 1 


    1 00000000                 AREA             datos,DATA
    2 00000000         ; variables y constantes
    3 00000000 FFFFF010 
                       VICIntEnable
                               EQU              0xFFFFF010
    4 00000000 FFFFF014 
                       VICIntEnClr
                               EQU              0xFFFFF014
    5 00000000 FFFFF018 
                       VICSoftInt
                               EQU              0xFFFFF018
    6 00000000 FFFFF01C 
                       VICSoftIntClear
                               EQU              0xFFFFF01C
    7 00000000 FFFFF100 
                       VICVectAddr0
                               EQU              0xFFFFF100
    8 00000000 FFFFF030 
                       VICVectAddr
                               EQU              0xFFFFF030
    9 00000000         
   10 00000000 E0010000 
                       TEC_DAT EQU              0xE0010000
   11 00000000         
   12 00000000 E0028004 
                       IOSET   EQU              0xE0028004
   13 00000000 E002800C 
                       IOCLR   EQU              0XE002800C
   14 00000000         
   15 00000000 00000000 
                       tecl_so DCD              0
   16 00000004 00000000 
                       terminar
                               DCD              0
   17 00000008 00000000 
                       reloj_so
                               DCD              0
   18 0000000C         
   19 0000000C E0004000 
                       T0_IR   EQU              0xE0004000
   20 0000000C         
   21 0000000C 00000004 
                       IRQ_I4  EQU              4
   22 0000000C 00000007 
                       IRQ_I7  EQU              7
   23 0000000C         
   24 0000000C 00000000 
                       reloj   DCD              0           ;contador de centes
                                                            imas de segundo 
   25 00000010 00000008 
                       max     DCD              8           ;velocidad de mov. 
                                                            caracter @ (en cent
                                                            esimas s.) 
   26 00000014 00000000 
                       cont    DCD              0           ;instante siguiente
                                                             movimiento caracte
                                                            r @
   27 00000018 00      dirx    DCB              0           ;direccion mov (-1 
                                                            izda,0 stop,1 der.)



ARM Macro Assembler    Page 2 


                                                             
   28 00000019 00      diry    DCB              0           ;direccion mov (-1 
                                                            arriba,0 stop,1 aba
                                                            jo)
   29 0000001A 00      fin     DCB              0           ;indicador fin de p
                                                            rograma si vale 1.
   30 0000001B         
   31 0000001B 00000003 
                       sem     EQU              3
   32 0000001B 00 40007E00 
                       pantup  DCD              0x40007E00  ;marcamos limites d
                                                            e pantalla
   33 00000020 40007FFF 
                       pantdown
                               DCD              0x40007FFF
   34 00000024 00000020 
                       espblanco
                               EQU              32          ;espacio en blanco.
                                                             Ascii espacio en b
                                                            lanco = 32
   35 00000024 00000040 
                       arroba  EQU              64          ; arroba @. Ascii @
                                                             = 64
   36 00000024 0000002E 
                       puntos  EQU              46          ; puntos para sacia
                                                            r su gula.
   37 00000024 0000002A 
                       asterisco
                               EQU              42          ; Para los 4 asteri
                                                            scos. Ascii = 42
   38 00000024 40007EFE 
                       posArroba
                               DCD              0x40007EFE  ; Posicion inicial 
                                                            de la arroba.
   39 00000028 40007E50 
                       posAsterisco
                               DCD              0x40007E50
   40 0000002C         ;Falta poner el limite del movimiento por cada lado al m
                       overse el arroba.
   41 0000002C         
   42 0000002C         
   43 0000002C         
   44 0000002C                 AREA             codigo,CODE
   45 00000000                 EXPORT           inicio      ; forma de enlazar 
                                                            con el startup.s
   46 00000000                 IMPORT           srand       ; para poder invoca
                                                            r SBR srand
   47 00000000                 IMPORT           rand        ; para poder invoca
                                                            r SBR srand
   48 00000000         
   49 00000000         inicio                               ; se recomienda pon
                                                            er punto de parada 
                                                            (breakpoint) en la 
                                                            primera instruccion
                                                            
   50 00000000 E59F02C4        ldr              r0,=VICVectAddr0 ; inicializar 
                                                            rutina de interrupc
                                                            ion del timer
   51 00000004         



ARM Macro Assembler    Page 3 


   52 00000004 E59F12C4        ldr              r1,=RSI_timer
   53 00000008 E3A02004        mov              r2,#IRQ_I4
   54 0000000C E7801102        str              r1,[r0,r2,LSL#2] ; programa @IR
                                                            Q4 -> RSI_timer (mo
                                                            difica el VIC de la
                                                             IRQ)
   55 00000010         
   56 00000010 E59F12BC        ldr              r1,=RSI_teclado
   57 00000014 E3A02007        mov              r2,#IRQ_I7
   58 00000018 E7801102        str              r1,[r0,r2,LSL#2] ; programa @IR
                                                            Q7 -> RSI_teclado (
                                                            modifica el VIC de 
                                                            la IRQ)
   59 0000001C         
   60 0000001C E59F02B4        ldr              r0,=VICIntEnable ; carga el reg
                                                            istro que activa in
                                                            terrupciones
   61 00000020 E5901000        ldr              r1,[r0]
   62 00000024 E3811010        orr              r1,r1,#1<<IRQ_I4 ; activa IRQ4
   63 00000028 E3811080        orr              r1,r1,#1<<IRQ_I7 ; activa IRQ7
   64 0000002C E5801000        str              r1,[r0]     ; guarda el registr
                                                            o máscara de interr
                                                            upciones modificado
                                                            
   65 00000030         
   66 00000030 E59F02A4        ldr              r0,=cont
   67 00000034 E3A01000        mov              r1, #0
   68 00000038 E5C01000        strb             r1,[r0]     ; iniciamos el cont
                                                            ador
   69 0000003C         
   70 0000003C         ; Crea la semilla para numeros aleatorios
   71 0000003C E3A00003        mov              r0,#sem
   72 00000040 E52D0004        push{r0}
   73 00000044 EBFFFFFE        bl               srand
   74 00000048 E49D0004        pop{r0}
   75 0000004C         
   76 0000004C         ;inicio pantalla
   77 0000004C E51F4008        ldr              r4,pantup
   78 00000050 E51F5008        ldr              r5,pantdown ; marcamos los limi
                                                            tes de la pantalla
   79 00000054 E3A0002E        mov              r0,#puntos  ; guardamos en r0 e
                                                            l punto
   80 00000058 E1A01004        mov              r1,r4       ; copiamos r4 en r1
                                                             para no machacar l
                                                            a direccion de inic
                                                            io de la pantalla
   81 0000005C         
   82 0000005C         borrar
   83 0000005C E4C10001        strb             r0,[r1],#1  ; pantalla llena de
                                                             puntos para comer.
                                                            
   84 00000060 E1510005        cmp              r1,r5
   85 00000064 1AFFFFFC        bne              borrar      ; de momento los un
                                                            icos registros que 
                                                            usamos son r4 inici
                                                            o de pantalla y r5 
                                                            fin de pantalla
   86 00000068         
   87 00000068 E59F3270        ldr              r3,=posArroba ; guardamos en r3



ARM Macro Assembler    Page 4 


                                                             la direccion de ar
                                                            roba
   88 0000006C E5933000        ldr              r3,[r3]
   89 00000070 E3A02040        mov              r2,#arroba
   90 00000074 E5C32000        strb             r2,[r3]     ; posicion de arrob
                                                            a
   91 00000078         
   92 00000078         
   93 00000078 E59F3264        ldr              r3,=posAsterisco
   94 0000007C E5933000        ldr              r3,[r3]
   95 00000080 E3A0202A        mov              r2,#asterisco
   96 00000084 E5C32000        strb             r2,[r3]     ; posicion de aster
                                                            isco
   97 00000088         
   98 00000088         bucle
   99 00000088 E59F0258        ldr              r0,=fin
  100 0000008C E5901000        ldr              r1,[r0]
  101 00000090 E3510001        cmp              r1,#1
  102 00000094 0A000033        beq              bfin        ; el programa termi
                                                            na (Fin=1)
  103 00000098         
  104 00000098 E59F024C        ldr              r0,=TEC_DAT
  105 0000009C E5D01000        ldrb             r1,[r0]
  106 000000A0 E3510051        cmp              r1,#81      ; comparo con la le
                                                            tra 'Q' (finaliza e
                                                            l programa)
  107 000000A4 0AFFFFF7        beq              bucle       ; se ha pulsado la 
                                                            Q para terminar el 
                                                            programa
  108 000000A8         
  109 000000A8 E59F122C        ldr              r1,=cont
  110 000000AC E5911000        ldr              r1,[r1]
  111 000000B0 E59F2238        ldr              r2,=max
  112 000000B4 E5922000        ldr              r2,[r2]
  113 000000B8 E1510002        cmp              r1,r2
  114 000000BC 1A000020        bne              finale      ;numero aleatorio
  115 000000C0 E24DD004        sub              sp,sp,#4
  116 000000C4 EBFFFFFE        bl               rand        ; si primer bit es 
                                                            uno a la derecha si
                                                            no izquierda
  117 000000C8 E49D0004        pop              {r0}
  118 000000CC E2000080        and              r0,r0,#2_10000000
  119 000000D0 E3500000        cmp              r0,#0
  120 000000D4 03E01000        moveq            r1,#-1
  121 000000D8 13A01001        movne            r1,#1
  122 000000DC E59F8200        ldr              r8,=posAsterisco
  123 000000E0 E5983000        ldr              r3,[r8]
  124 000000E4 E3A00020        mov              r0,#espblanco
  125 000000E8 E6C30001        strb             r0,[r3],r1
  126 000000EC E3A0002A        mov              r0,#asterisco
  127 000000F0 E5C30000        strb             r0,[r3]
  128 000000F4 E5883000        str              r3,[r8]     ;prof derecha
  129 000000F8 EAFFFFFF        b                mover
  130 000000FC         mover
  131 000000FC E59F71F0        ldr              r7,=dirx
  132 00000100 E1D770D0        ldrsb            r7,[r7]
  133 00000104 E3A00000        mov              r0,#0
  134 00000108 E59F11CC        ldr              r1,=cont
  135 0000010C E5810000        str              r0,[r1]



ARM Macro Assembler    Page 5 


  136 00000110 E59F11E0        ldr              r1,=reloj
  137 00000114 E5810000        str              r0,[r1]
  138 00000118 E1500007        cmp              r0,r7       ;ponemos reloj a ce
                                                            ro
  139 0000011C         ;;;;;;;;;;;;;;    
  140 0000011C E59F81BC        ldr              r8,=posArroba ;movemos alumno
  141 00000120 E5983000        ldr              r3,[r8]
  142 00000124 E3A00020        mov              r0,#espblanco
  143 00000128 E6C30007        strb             r0,[r3],r7
  144 0000012C E3A00040        mov              r0,#arroba
  145 00000130 E5C30000        strb             r0, [r3]
  146 00000134 E5883000        str              r3,[r8]
  147 00000138 E59F71B4        ldr              r7,=dirx    ;poner al final
  148 0000013C E3A00000        mov              r0,#0
  149 00000140 E5C70000        strb             r0,[r7]
  150 00000144         ;;;;;;;;;;;;;;;;;
  151 00000144         finale
  152 00000144 E59F019C        ldr              r0,=fin
  153 00000148 E5D00000        ldrb             r0,[r0]
  154 0000014C E3500000        cmp              r0,#0
  155 00000150 0AFFFFCC        beq              bucle
  156 00000154         ;;;;;;;;;;;;;;;;;;;;;;;;;;;;;;;;;
  157 00000154         final
  158 00000154         ; desactivar IRQ4,IRQ7
  159 00000154 E59F01A0        ldr              r0,=VICIntEnClr
  160 00000158 E5901000        ldr              r1,[r0]
  161 0000015C E3811010        orr              r1,r1,#1<<IRQ_I4
  162 00000160 E3811080        orr              r1,r1,#1<<IRQ_I7
  163 00000164 E5801000        str              r1,[r0]
  164 00000168         
  165 00000168 EAFFFFFE 
                       bfin    b                bfin
  166 0000016C         
  167 0000016C         
  168 0000016C         
  169 0000016C         sigue
  170 0000016C E3500041        cmp              r0,#65
  171 00000170 0A00000A        beq              izq
  172 00000174 E3500044        cmp              r0,#68
  173 00000178 0A00000C        beq              der
  174 0000017C E3500057        cmp              r0,#87
  175 00000180 0A00000E        beq              arriba
  176 00000184 E3500053        cmp              r0,#83
  177 00000188 0A000010        beq              abajo
  178 0000018C E350002B        cmp              r0,#43
  179 00000190 0A000012        beq              sumarmax
  180 00000194 E350002D        cmp              r0,#45
  181 00000198 0A000017        beq              restarmax
  182 0000019C EA000043        b                fintec
  183 000001A0         izq
  184 000001A0 E59F014C        ldr              r0, =dirx
  185 000001A4 E3E01000        mov              r1, #-1
  186 000001A8 E5C01000        strb             r1, [r0]
  187 000001AC EA00003F        b                fintec
  188 000001B0         
  189 000001B0         der
  190 000001B0 E59F013C        ldr              r0, =dirx
  191 000001B4 E3A01001        mov              r1, #1
  192 000001B8 E5C01000        strb             r1, [r0]



ARM Macro Assembler    Page 6 


  193 000001BC EA00003B        b                fintec
  194 000001C0         
  195 000001C0         arriba
  196 000001C0 E59F0138        ldr              r0,=diry
  197 000001C4 E3A01001        mov              r1,#1
  198 000001C8 E5C01000        strb             r1,[r0]
  199 000001CC EA000037        b                fintec
  200 000001D0         
  201 000001D0         abajo
  202 000001D0 E59F0128        ldr              r0,=diry
  203 000001D4 E3E01000        mov              r1,#-1
  204 000001D8 E5C01000        strb             r1,[r0]
  205 000001DC EA000033        b                fintec
  206 000001E0         
  207 000001E0         sumarmax
  208 000001E0 E59F0108        ldr              r0,=max
  209 000001E4 E5901000        ldr              r1,[r0]
  210 000001E8 E2411001        sub              r1,r1,#1
  211 000001EC E3510000        cmp              r1,#0
  212 000001F0 02811001        addeq            r1,r1,#1
  213 000001F4 E5801000        str              r1,[r0]
  214 000001F8 EA00002C        b                fintec
  215 000001FC         
  216 000001FC         restarmax
  217 000001FC E59F00EC        ldr              r0,=max
  218 00000200 E5901000        ldr              r1,[r0]
  219 00000204 E2811001        add              r1,r1,#1
  220 00000208 E3510C01        cmp              r1,#256
  221 0000020C 02411001        subeq            r1,r1,#1
  222 00000210 E5801000        str              r1,[r0]
  223 00000214 EA000025        b                fintec
  224 00000218         
  225 00000218         RSI_timer
  226 00000218 E24EE004        sub              lr, lr, #4
  227 0000021C E52DE004        push{lr}                     ; Activo IRQs
  228 00000220 E14FE000        mrs              r14, spsr
  229 00000224 E52DE004        push{r14}
  230 00000228 E92D0003        push             {r0-r1}     ; apila registros a
                                                             utilizar
  231 0000022C E321F052        msr              cpsr_c,#2_01010010 ; habilita I
                                                            RQ de la palabra de
                                                             estado
  232 00000230         
  233 00000230 E59F00A4        ldr              r0,=cont
  234 00000234 E5901000        ldr              r1,[r0]
  235 00000238 E2811001        add              r1,#1
  236 0000023C E5801000        str              r1,[r0]
  237 00000240         
  238 00000240         ; desactiva del VIC la peticion
  239 00000240 E59F00BC        LDR              r0,=T0_IR   ;
  240 00000244 E3A01001        mov              r1,#1
  241 00000248 E5801000        str              r1,[r0]
  242 0000024C         
  243 0000024C E59F00A4        ldr              r0,=reloj
  244 00000250 E5901000        ldr              r1,[r0]
  245 00000254 E2811001        add              r1, r1, #1
  246 00000258 E5801000        str              r1, [r0]
  247 0000025C         
  248 0000025C         ;desactiva IRQ



ARM Macro Assembler    Page 7 


  249 0000025C E321F0D2        msr              cpsr_c,#2_11010010
  250 00000260 E8BD0003        POP{r0-r1}
  251 00000264 E49DE004        POP{r14}
  252 00000268 E16FF00E        msr              spsr_cxsf,r14
  253 0000026C E59FE094        LDR              r14,=VICVectAddr
  254 00000270 E58EE000        str              r14,[r14]
  255 00000274 E8FD8000        POP              {pc}^
  256 00000278         
  257 00000278         RSI_teclado
  258 00000278 E24EE004        sub              lr,#4
  259 0000027C E52DE004        push{lr}
  260 00000280 E14FE000        mrs              r14,spsr    ; Activo IRQs
  261 00000284 E52DE004        push{r14}
  262 00000288 E92D0007        PUSH             {r0-r2}
  263 0000028C E321F052        msr              cpsr_c,#2_01010010
  264 00000290         
  265 00000290 E59F0054        LDR              r0,=TEC_DAT
  266 00000294 E5D01000        ldrb             r1,[r0]     ; r1=codigo ASCII t
                                                            ecla
  267 00000298 E3C11020        bic              r1,r1,#2_100000 ; transformo la
                                                             tecla a mayuscula
  268 0000029C         
  269 0000029C E3510051        cmp              r1,#81      ; comparo con la le
                                                            tra 'Q' (finaliza e
                                                            l programa)
  270 000002A0 059F0040        ldreq            r0,=fin
  271 000002A4 03A01001        moveq            r1,#1
  272 000002A8 05801000        streq            r1,[r0]
  273 000002AC 0AFFFFFF        beq              fintec
  274 000002B0         
  275 000002B0         fintec
  276 000002B0 E8BD0007        POP{r0-r2}
  277 000002B4 E321F0D2        msr              cpsr_c,#2_11010010
  278 000002B8 E49D4004        POP{r4}
  279 000002BC E16FF00E        msr              spsr_cxsf,r14 ; restaura el sps
                                                            r de la pila
  280 000002C0 E59FE040        LDR              r14,=VICVectAddr
  281 000002C4 E58EE000        str              r14,[r14]
  282 000002C8 E8FD8000        POP{PC}^
  283 000002CC         
  284 000002CC                 END
              FFFFF100 
              00000000 
              00000000 
              FFFFF010 
              00000000 
              00000000 
              00000000 
              00000000 
              E0010000 
              00000000 
              00000000 
              00000000 
              FFFFF014 
              00000000 
              E0004000 
              FFFFF030 
Command Line: --debug --xref --diag_suppress=9931 --apcs=interwork --depend=.\p
rac5.d -o.\prac5.o -IC:\Keil_v5\ARM\RV31\INC -IC:\Keil_v5\ARM\CMSIS\Include -IC



ARM Macro Assembler    Page 8 


:\Keil_v5\ARM\Inc\Philips --predefine="__EVAL SETA 1" --predefine="__UVISION_VE
RSION SETA 514" --list=.\prac5.lst prac5.s



ARM Macro Assembler    Page 1 Alphabetic symbol ordering
Relocatable symbols

cont 00000014

Symbol: cont
   Definitions
      At line 26 in file prac5.s
   Uses
      At line 66 in file prac5.s
      At line 109 in file prac5.s
      At line 134 in file prac5.s
      At line 233 in file prac5.s

datos 00000000

Symbol: datos
   Definitions
      At line 1 in file prac5.s
   Uses
      None
Comment: datos unused
dirx 00000018

Symbol: dirx
   Definitions
      At line 27 in file prac5.s
   Uses
      At line 131 in file prac5.s
      At line 147 in file prac5.s
      At line 184 in file prac5.s
      At line 190 in file prac5.s

diry 00000019

Symbol: diry
   Definitions
      At line 28 in file prac5.s
   Uses
      At line 196 in file prac5.s
      At line 202 in file prac5.s

fin 0000001A

Symbol: fin
   Definitions
      At line 29 in file prac5.s
   Uses
      At line 99 in file prac5.s
      At line 152 in file prac5.s
      At line 270 in file prac5.s

max 00000010

Symbol: max
   Definitions
      At line 25 in file prac5.s
   Uses
      At line 111 in file prac5.s
      At line 208 in file prac5.s
      At line 217 in file prac5.s




ARM Macro Assembler    Page 2 Alphabetic symbol ordering
Relocatable symbols

pantdown 00000020

Symbol: pantdown
   Definitions
      At line 33 in file prac5.s
   Uses
      At line 78 in file prac5.s
Comment: pantdown used once
pantup 0000001C

Symbol: pantup
   Definitions
      At line 32 in file prac5.s
   Uses
      At line 77 in file prac5.s
Comment: pantup used once
posArroba 00000024

Symbol: posArroba
   Definitions
      At line 38 in file prac5.s
   Uses
      At line 87 in file prac5.s
      At line 140 in file prac5.s

posAsterisco 00000028

Symbol: posAsterisco
   Definitions
      At line 39 in file prac5.s
   Uses
      At line 93 in file prac5.s
      At line 122 in file prac5.s

reloj 0000000C

Symbol: reloj
   Definitions
      At line 24 in file prac5.s
   Uses
      At line 136 in file prac5.s
      At line 243 in file prac5.s

reloj_so 00000008

Symbol: reloj_so
   Definitions
      At line 17 in file prac5.s
   Uses
      None
Comment: reloj_so unused
tecl_so 00000000

Symbol: tecl_so
   Definitions
      At line 15 in file prac5.s
   Uses
      None
Comment: tecl_so unused



ARM Macro Assembler    Page 3 Alphabetic symbol ordering
Relocatable symbols

terminar 00000004

Symbol: terminar
   Definitions
      At line 16 in file prac5.s
   Uses
      None
Comment: terminar unused
14 symbols



ARM Macro Assembler    Page 1 Alphabetic symbol ordering
Relocatable symbols

RSI_teclado 00000278

Symbol: RSI_teclado
   Definitions
      At line 257 in file prac5.s
   Uses
      At line 56 in file prac5.s
Comment: RSI_teclado used once
RSI_timer 00000218

Symbol: RSI_timer
   Definitions
      At line 225 in file prac5.s
   Uses
      At line 52 in file prac5.s
Comment: RSI_timer used once
abajo 000001D0

Symbol: abajo
   Definitions
      At line 201 in file prac5.s
   Uses
      At line 177 in file prac5.s
Comment: abajo used once
arriba 000001C0

Symbol: arriba
   Definitions
      At line 195 in file prac5.s
   Uses
      At line 175 in file prac5.s
Comment: arriba used once
bfin 00000168

Symbol: bfin
   Definitions
      At line 165 in file prac5.s
   Uses
      At line 102 in file prac5.s
      At line 165 in file prac5.s

borrar 0000005C

Symbol: borrar
   Definitions
      At line 82 in file prac5.s
   Uses
      At line 85 in file prac5.s
Comment: borrar used once
bucle 00000088

Symbol: bucle
   Definitions
      At line 98 in file prac5.s
   Uses
      At line 107 in file prac5.s
      At line 155 in file prac5.s

codigo 00000000



ARM Macro Assembler    Page 2 Alphabetic symbol ordering
Relocatable symbols


Symbol: codigo
   Definitions
      At line 44 in file prac5.s
   Uses
      None
Comment: codigo unused
der 000001B0

Symbol: der
   Definitions
      At line 189 in file prac5.s
   Uses
      At line 173 in file prac5.s
Comment: der used once
final 00000154

Symbol: final
   Definitions
      At line 157 in file prac5.s
   Uses
      None
Comment: final unused
finale 00000144

Symbol: finale
   Definitions
      At line 151 in file prac5.s
   Uses
      At line 114 in file prac5.s
Comment: finale used once
fintec 000002B0

Symbol: fintec
   Definitions
      At line 275 in file prac5.s
   Uses
      At line 182 in file prac5.s
      At line 187 in file prac5.s
      At line 193 in file prac5.s
      At line 199 in file prac5.s
      At line 205 in file prac5.s
      At line 214 in file prac5.s
      At line 223 in file prac5.s
      At line 273 in file prac5.s

inicio 00000000

Symbol: inicio
   Definitions
      At line 49 in file prac5.s
   Uses
      At line 45 in file prac5.s
Comment: inicio used once
izq 000001A0

Symbol: izq
   Definitions
      At line 183 in file prac5.s



ARM Macro Assembler    Page 3 Alphabetic symbol ordering
Relocatable symbols

   Uses
      At line 171 in file prac5.s
Comment: izq used once
mover 000000FC

Symbol: mover
   Definitions
      At line 130 in file prac5.s
   Uses
      At line 129 in file prac5.s
Comment: mover used once
restarmax 000001FC

Symbol: restarmax
   Definitions
      At line 216 in file prac5.s
   Uses
      At line 181 in file prac5.s
Comment: restarmax used once
sigue 0000016C

Symbol: sigue
   Definitions
      At line 169 in file prac5.s
   Uses
      None
Comment: sigue unused
sumarmax 000001E0

Symbol: sumarmax
   Definitions
      At line 207 in file prac5.s
   Uses
      At line 179 in file prac5.s
Comment: sumarmax used once
18 symbols



ARM Macro Assembler    Page 1 Alphabetic symbol ordering
Absolute symbols

IOCLR E002800C

Symbol: IOCLR
   Definitions
      At line 13 in file prac5.s
   Uses
      None
Comment: IOCLR unused
IOSET E0028004

Symbol: IOSET
   Definitions
      At line 12 in file prac5.s
   Uses
      None
Comment: IOSET unused
IRQ_I4 00000004

Symbol: IRQ_I4
   Definitions
      At line 21 in file prac5.s
   Uses
      At line 53 in file prac5.s
      At line 62 in file prac5.s
      At line 161 in file prac5.s

IRQ_I7 00000007

Symbol: IRQ_I7
   Definitions
      At line 22 in file prac5.s
   Uses
      At line 57 in file prac5.s
      At line 63 in file prac5.s
      At line 162 in file prac5.s

T0_IR E0004000

Symbol: T0_IR
   Definitions
      At line 19 in file prac5.s
   Uses
      At line 239 in file prac5.s
Comment: T0_IR used once
TEC_DAT E0010000

Symbol: TEC_DAT
   Definitions
      At line 10 in file prac5.s
   Uses
      At line 104 in file prac5.s
      At line 265 in file prac5.s

VICIntEnClr FFFFF014

Symbol: VICIntEnClr
   Definitions
      At line 4 in file prac5.s
   Uses



ARM Macro Assembler    Page 2 Alphabetic symbol ordering
Absolute symbols

      At line 159 in file prac5.s
Comment: VICIntEnClr used once
VICIntEnable FFFFF010

Symbol: VICIntEnable
   Definitions
      At line 3 in file prac5.s
   Uses
      At line 60 in file prac5.s
Comment: VICIntEnable used once
VICSoftInt FFFFF018

Symbol: VICSoftInt
   Definitions
      At line 5 in file prac5.s
   Uses
      None
Comment: VICSoftInt unused
VICSoftIntClear FFFFF01C

Symbol: VICSoftIntClear
   Definitions
      At line 6 in file prac5.s
   Uses
      None
Comment: VICSoftIntClear unused
VICVectAddr FFFFF030

Symbol: VICVectAddr
   Definitions
      At line 8 in file prac5.s
   Uses
      At line 253 in file prac5.s
      At line 280 in file prac5.s

VICVectAddr0 FFFFF100

Symbol: VICVectAddr0
   Definitions
      At line 7 in file prac5.s
   Uses
      At line 50 in file prac5.s
Comment: VICVectAddr0 used once
arroba 00000040

Symbol: arroba
   Definitions
      At line 35 in file prac5.s
   Uses
      At line 89 in file prac5.s
      At line 144 in file prac5.s

asterisco 0000002A

Symbol: asterisco
   Definitions
      At line 37 in file prac5.s
   Uses
      At line 95 in file prac5.s



ARM Macro Assembler    Page 3 Alphabetic symbol ordering
Absolute symbols

      At line 126 in file prac5.s

espblanco 00000020

Symbol: espblanco
   Definitions
      At line 34 in file prac5.s
   Uses
      At line 124 in file prac5.s
      At line 142 in file prac5.s

puntos 0000002E

Symbol: puntos
   Definitions
      At line 36 in file prac5.s
   Uses
      At line 79 in file prac5.s
Comment: puntos used once
sem 00000003

Symbol: sem
   Definitions
      At line 31 in file prac5.s
   Uses
      At line 71 in file prac5.s
Comment: sem used once
17 symbols



ARM Macro Assembler    Page 1 Alphabetic symbol ordering
External symbols

rand 00000000

Symbol: rand
   Definitions
      At line 47 in file prac5.s
   Uses
      At line 116 in file prac5.s
Comment: rand used once
srand 00000000

Symbol: srand
   Definitions
      At line 46 in file prac5.s
   Uses
      At line 73 in file prac5.s
Comment: srand used once
2 symbols
385 symbols in table
